<?xml version="1.0" encoding="UTF-8"?>
<!-- Generated by org.testng.reporters.JUnitReportReporter -->
<testsuite skipped="0" hostname="CBT-MH-000" name="Automation1.Phptravels.Cartest" tests="1" failures="0" timestamp="11 Oct 2019 07:35:15 GMT" time="27.830" errors="0">
  <testcase name="test" time="27.830" classname="Automation1.Phptravels.Cartest"/>
</testsuite> <!-- Automation1.Phptravels.Cartest -->
