<?xml version="1.0" encoding="UTF-8"?>
<!-- Generated by org.testng.reporters.JUnitReportReporter -->
<testsuite skipped="0" hostname="CBT-MH-000" name="Automation1.Phptravels.Tourtest" tests="1" failures="0" timestamp="31 Oct 2019 07:18:57 GMT" time="56.435" errors="0">
  <testcase name="test" time="56.435" classname="Automation1.Phptravels.Tourtest"/>
</testsuite> <!-- Automation1.Phptravels.Tourtest -->
