<?xml version="1.0" encoding="UTF-8"?>
<!-- Generated by org.testng.reporters.JUnitReportReporter -->
<testsuite skipped="0" hostname="CBT-MH-000" name="Automation1.Phptravels.Tourtest" tests="1" failures="0" timestamp="11 Oct 2019 07:33:58 GMT" time="34.358" errors="0">
  <testcase name="test" time="34.358" classname="Automation1.Phptravels.Tourtest"/>
</testsuite> <!-- Automation1.Phptravels.Tourtest -->
