<?xml version="1.0" encoding="UTF-8"?>
<!-- Generated by org.testng.reporters.JUnitReportReporter -->
<testsuite skipped="0" hostname="CBT-MH-000" name="Automation1.Phptravels.Testcase1" tests="1" failures="0" timestamp="11 Oct 2019 08:33:48 GMT" time="23.267" errors="0">
  <testcase name="test1" time="23.267" classname="Automation1.Phptravels.Testcase1"/>
</testsuite> <!-- Automation1.Phptravels.Testcase1 -->
