<?xml version="1.0" encoding="UTF-8"?>
<!-- Generated by org.testng.reporters.JUnitReportReporter -->
<testsuite skipped="0" hostname="CBT-MH-000" name="Automation1.Phptravels.Flighttest" tests="1" failures="0" timestamp="11 Oct 2019 07:33:13 GMT" time="29.347" errors="0">
  <testcase name="test" time="29.347" classname="Automation1.Phptravels.Flighttest"/>
</testsuite> <!-- Automation1.Phptravels.Flighttest -->
