<?xml version="1.0" encoding="UTF-8"?>
<!-- Generated by org.testng.reporters.JUnitReportReporter -->
<testsuite skipped="0" hostname="CBT-MH-000" name="Automation1.Phptravels.Testcase2" tests="1" failures="0" timestamp="11 Oct 2019 09:06:24 GMT" time="23.981" errors="0">
  <testcase name="test1" time="23.981" classname="Automation1.Phptravels.Testcase2"/>
</testsuite> <!-- Automation1.Phptravels.Testcase2 -->
